[01:15:29] [main/INFO]: Loading Minecraft 26.1.2 with Fabric Loader 0.19.2
[01:15:29] [main/INFO]: Mappings not present!
[01:15:29] [main/INFO]: Loading 4 mods:
	- fabricloader 0.19.2
	   \-- mixinextras 0.5.4
	- java 25
	- minecraft 26.1.2
[01:15:29] [main/INFO]: SpongePowered MIXIN Subsystem Version=0.8.7 Source=file:/workspaces/servermc/servidor_minecraft/libraries/net/fabricmc/sponge-mixin/0.17.2+mixin.0.8.7/sponge-mixin-0.17.2+mixin.0.8.7.jar Service=Knot/Fabric Env=SERVER
[01:15:39] [main/INFO]: Environment: Environment[sessionHost=https://sessionserver.mojang.com, servicesHost=https://api.minecraftservices.com, profilesHost=https://api.mojang.com, name=PROD]
[01:15:40] [Worker-Main-1/INFO]: No existing world data, creating new world
[01:15:41] [main/INFO]: Loaded 1515 recipes
[01:15:41] [main/INFO]: Loaded 1617 advancements
[01:15:42] [Server thread/INFO]: Starting minecraft server version 26.1.2
[01:15:42] [Server thread/INFO]: Loading properties
[01:15:42] [Server thread/INFO]: Default game type: SURVIVAL
[01:15:42] [Server thread/INFO]: Generating keypair
[01:15:42] [Server thread/INFO]: Starting Minecraft server on *:25565
[01:15:42] [Server thread/WARN]: **** SERVER IS RUNNING IN OFFLINE/INSECURE MODE!
[01:15:42] [Server thread/WARN]: The server will make no attempt to authenticate usernames. Beware.
[01:15:42] [Server thread/WARN]: While this makes the game possible to play without internet access, it also opens up the ability for hackers to connect with any username they choose.
[01:15:42] [Server thread/WARN]: To change this, set "online-mode" to "true" in the server.properties file.
[01:15:42] [Server thread/INFO]: Preparing level "world"
[01:15:43] [Server thread/INFO]: Selecting global world spawn...
[01:15:55] [Server thread/INFO]: Loading 0 persistent chunks...
[01:15:55] [Server thread/INFO]: Preparing spawn area: 100%
[01:15:55] [Server thread/INFO]: Time elapsed: 12195 ms
[01:15:55] [Server thread/INFO]: Done (12.692s)! For help, type "help"
[01:15:55] [Server thread/INFO]: Saving chunks for level 'ServerLevel[world]'/minecraft:overworld
[01:15:55] [Server thread/INFO]: Saving chunks for level 'ServerLevel[world]'/minecraft:the_nether
[01:15:55] [Server thread/INFO]: Saving chunks for level 'ServerLevel[world]'/minecraft:the_end
[01:15:55] [Server thread/INFO]: ThreadedAnvilChunkStorage (world): All chunks are saved
[01:15:55] [Server thread/INFO]: ThreadedAnvilChunkStorage (DIM-1): All chunks are saved
[01:15:55] [Server thread/INFO]: ThreadedAnvilChunkStorage (DIM1): All chunks are saved
[01:15:55] [Server thread/INFO]: ThreadedAnvilChunkStorage: All dimensions are saved
[01:16:55] [Server thread/INFO]: Server empty for 60 seconds, pausing
